<?xml version="1.0" encoding="UTF-8"?>
<testng-results skipped="0" failed="1" ignored="0" total="1" passed="0">
  <reporter-output>
  </reporter-output>
  <suite name="Default suite" duration-ms="19237" started-at="2019-06-07T02:07:19Z" finished-at="2019-06-07T02:07:39Z">
    <groups>
    </groups>
    <test name="Default test" duration-ms="19237" started-at="2019-06-07T02:07:19Z" finished-at="2019-06-07T02:07:39Z">
      <class name="com.larry.selenium.NewTest">
        <test-method status="PASS" signature="beforeSuite()[pri:0, instance:com.larry.selenium.NewTest@7dc7cbad]" name="beforeSuite" is-config="true" duration-ms="6" started-at="2019-06-07T02:07:19Z" finished-at="2019-06-07T02:07:19Z">
          <reporter-output>
          </reporter-output>
        </test-method> <!-- beforeSuite -->
        <test-method status="PASS" signature="beforeTest()[pri:0, instance:com.larry.selenium.NewTest@7dc7cbad]" name="beforeTest" is-config="true" duration-ms="1" started-at="2019-06-07T02:07:19Z" finished-at="2019-06-07T02:07:19Z">
          <reporter-output>
          </reporter-output>
        </test-method> <!-- beforeTest -->
        <test-method status="PASS" signature="beforeClass()[pri:0, instance:com.larry.selenium.NewTest@7dc7cbad]" name="beforeClass" is-config="true" duration-ms="2708" started-at="2019-06-07T02:07:19Z" finished-at="2019-06-07T02:07:22Z">
          <reporter-output>
          </reporter-output>
        </test-method> <!-- beforeClass -->
        <test-method status="FAIL" signature="Test()[pri:0, instance:com.larry.selenium.NewTest@7dc7cbad]" name="Test" duration-ms="13890" started-at="2019-06-07T02:07:22Z" finished-at="2019-06-07T02:07:36Z">
          <exception class="java.lang.AssertionError">
            <message>
              <![CDATA[expected [true] but found [false]]]>
            </message>
            <full-stacktrace>
              <![CDATA[java.lang.AssertionError: expected [true] but found [false]
at org.testng.Assert.fail(Assert.java:96)
at org.testng.Assert.failNotEquals(Assert.java:776)
at org.testng.Assert.assertTrue(Assert.java:44)
at org.testng.Assert.assertTrue(Assert.java:54)
at com.larry.selenium.NewTest.Test(NewTest.java:74)
at sun.reflect.NativeMethodAccessorImpl.invoke0(Native Method)
at sun.reflect.NativeMethodAccessorImpl.invoke(Unknown Source)
at sun.reflect.DelegatingMethodAccessorImpl.invoke(Unknown Source)
at java.lang.reflect.Method.invoke(Unknown Source)
at org.testng.internal.MethodInvocationHelper.invokeMethod(MethodInvocationHelper.java:124)
at org.testng.internal.Invoker.invokeMethod(Invoker.java:583)
at org.testng.internal.Invoker.invokeTestMethod(Invoker.java:719)
at org.testng.internal.Invoker.invokeTestMethods(Invoker.java:989)
at org.testng.internal.TestMethodWorker.invokeTestMethods(TestMethodWorker.java:125)
at org.testng.internal.TestMethodWorker.run(TestMethodWorker.java:109)
at org.testng.TestRunner.privateRun(TestRunner.java:648)
at org.testng.TestRunner.run(TestRunner.java:505)
at org.testng.SuiteRunner.runTest(SuiteRunner.java:455)
at org.testng.SuiteRunner.runSequentially(SuiteRunner.java:450)
at org.testng.SuiteRunner.privateRun(SuiteRunner.java:415)
at org.testng.SuiteRunner.run(SuiteRunner.java:364)
at org.testng.SuiteRunnerWorker.runSuite(SuiteRunnerWorker.java:52)
at org.testng.SuiteRunnerWorker.run(SuiteRunnerWorker.java:84)
at org.testng.TestNG.runSuitesSequentially(TestNG.java:1208)
at org.testng.TestNG.runSuitesLocally(TestNG.java:1137)
at org.testng.TestNG.runSuites(TestNG.java:1049)
at org.testng.TestNG.run(TestNG.java:1017)
at org.testng.remote.AbstractRemoteTestNG.run(AbstractRemoteTestNG.java:115)
at org.testng.remote.RemoteTestNG.initAndRun(RemoteTestNG.java:251)
at org.testng.remote.RemoteTestNG.main(RemoteTestNG.java:77)
]]>
            </full-stacktrace>
          </exception> <!-- java.lang.AssertionError -->
          <reporter-output>
          </reporter-output>
        </test-method> <!-- Test -->
        <test-method status="PASS" signature="beforeMethod()[pri:0, instance:com.larry.selenium.NewTest@7dc7cbad]" name="beforeMethod" is-config="true" duration-ms="0" started-at="2019-06-07T02:07:22Z" finished-at="2019-06-07T02:07:22Z">
          <reporter-output>
          </reporter-output>
        </test-method> <!-- beforeMethod -->
        <test-method status="PASS" signature="afterMethod()[pri:0, instance:com.larry.selenium.NewTest@7dc7cbad]" name="afterMethod" is-config="true" duration-ms="0" started-at="2019-06-07T02:07:36Z" finished-at="2019-06-07T02:07:36Z">
          <reporter-output>
          </reporter-output>
        </test-method> <!-- afterMethod -->
        <test-method status="PASS" signature="afterClass()[pri:0, instance:com.larry.selenium.NewTest@7dc7cbad]" name="afterClass" is-config="true" duration-ms="2622" started-at="2019-06-07T02:07:36Z" finished-at="2019-06-07T02:07:39Z">
          <reporter-output>
          </reporter-output>
        </test-method> <!-- afterClass -->
        <test-method status="PASS" signature="afterTest()[pri:0, instance:com.larry.selenium.NewTest@7dc7cbad]" name="afterTest" is-config="true" duration-ms="0" started-at="2019-06-07T02:07:39Z" finished-at="2019-06-07T02:07:39Z">
          <reporter-output>
          </reporter-output>
        </test-method> <!-- afterTest -->
        <test-method status="PASS" signature="afterSuite()[pri:0, instance:com.larry.selenium.NewTest@7dc7cbad]" name="afterSuite" is-config="true" duration-ms="0" started-at="2019-06-07T02:07:39Z" finished-at="2019-06-07T02:07:39Z">
          <reporter-output>
          </reporter-output>
        </test-method> <!-- afterSuite -->
      </class> <!-- com.larry.selenium.NewTest -->
    </test> <!-- Default test -->
  </suite> <!-- Default suite -->
</testng-results>
